0 info it worked if it ends with ok
1 verbose cli [ '/home/nethmih/.nvm/v6.2.0/bin/node',
1 verbose cli   '/home/nethmih/.nvm/v6.2.0/bin/npm',
1 verbose cli   'run',
1 verbose cli   'fix' ]
2 info using npm@3.8.9
3 info using node@v6.2.0
4 verbose run-script [ 'prefix', 'fix', 'postfix' ]
5 info lifecycle redux-state-management@1.0.0~prefix: redux-state-management@1.0.0
6 silly lifecycle redux-state-management@1.0.0~prefix: no script for prefix, continuing
7 info lifecycle redux-state-management@1.0.0~fix: redux-state-management@1.0.0
8 verbose lifecycle redux-state-management@1.0.0~fix: unsafe-perm in lifecycle true
9 verbose lifecycle redux-state-management@1.0.0~fix: PATH: /home/nethmih/.nvm/v6.2.0/lib/node_modules/npm/bin/node-gyp-bin:/home/nethmih/sw/sysco/tech-talk/git/node_modules/.bin:/home/nethmih/.nvm/v6.2.0/bin:/home/nethmih/sw/ReportsNG/activator-dist-1.3.12/bin:/home/nethmih/.nvm/v6.2.0/bin:/home/nethmih/bin:/home/nethmih/.local/bin:/usr/local/sbin:/usr/local/bin:/usr/sbin:/usr/bin:/sbin:/bin:/usr/games:/usr/local/games:/snap/bin:/usr/lib/jvm/java-8-oracle/bin:/usr/lib/jvm/java-8-oracle/db/bin:/usr/lib/jvm/java-8-oracle/jre/bin
10 verbose lifecycle redux-state-management@1.0.0~fix: CWD: /home/nethmih/sw/sysco/tech-talk/git
11 silly lifecycle redux-state-management@1.0.0~fix: Args: [ '-c', 'semistandard --fix' ]
12 silly lifecycle redux-state-management@1.0.0~fix: Returned: code: 1  signal: null
13 info lifecycle redux-state-management@1.0.0~fix: Failed to exec fix script
14 verbose stack Error: redux-state-management@1.0.0 fix: `semistandard --fix`
14 verbose stack Exit status 1
14 verbose stack     at EventEmitter.<anonymous> (/home/nethmih/.nvm/v6.2.0/lib/node_modules/npm/lib/utils/lifecycle.js:245:16)
14 verbose stack     at emitTwo (events.js:106:13)
14 verbose stack     at EventEmitter.emit (events.js:191:7)
14 verbose stack     at ChildProcess.<anonymous> (/home/nethmih/.nvm/v6.2.0/lib/node_modules/npm/lib/utils/spawn.js:24:14)
14 verbose stack     at emitTwo (events.js:106:13)
14 verbose stack     at ChildProcess.emit (events.js:191:7)
14 verbose stack     at maybeClose (internal/child_process.js:850:16)
14 verbose stack     at Process.ChildProcess._handle.onexit (internal/child_process.js:215:5)
15 verbose pkgid redux-state-management@1.0.0
16 verbose cwd /home/nethmih/sw/sysco/tech-talk/git
17 error Linux 4.4.0-64-generic
18 error argv "/home/nethmih/.nvm/v6.2.0/bin/node" "/home/nethmih/.nvm/v6.2.0/bin/npm" "run" "fix"
19 error node v6.2.0
20 error npm  v3.8.9
21 error code ELIFECYCLE
22 error redux-state-management@1.0.0 fix: `semistandard --fix`
22 error Exit status 1
23 error Failed at the redux-state-management@1.0.0 fix script 'semistandard --fix'.
23 error Make sure you have the latest version of node.js and npm installed.
23 error If you do, this is most likely a problem with the redux-state-management package,
23 error not with npm itself.
23 error Tell the author that this fails on your system:
23 error     semistandard --fix
23 error You can get information on how to open an issue for this project with:
23 error     npm bugs redux-state-management
23 error Or if that isn't available, you can get their info via:
23 error     npm owner ls redux-state-management
23 error There is likely additional logging output above.
24 verbose exit [ 1, true ]
